{
  "RSpec": {
    "coverage": {
      "/home/rubylessons/lessons/first_api/config/environment.rb": {
        "lines": [
          null,
          1,
          null,
          null,
          1
        ]
      },
      "/home/rubylessons/lessons/first_api/config/application.rb": {
        "lines": [
          1,
          null,
          1,
          null,
          null,
          null,
          1,
          null,
          1,
          1,
          null,
          1,
          null,
          1,
          null,
          2,
          null,
          null,
          null,
          null,
          null,
          null,
          null,
          null,
          null
        ]
      },
      "/home/rubylessons/lessons/first_api/config/boot.rb": {
        "lines": [
          1,
          null,
          1,
          1
        ]
      },
      "/home/rubylessons/lessons/first_api/app/interactors/tokens_creator.rb": {
        "lines": [
          1,
          1,
          null,
          14,
          null,
          null,
          null,
          null,
          null,
          null,
          null,
          1,
          14,
          14,
          null,
          null,
          null,
          null,
          null,
          14,
          null,
          null,
          1,
          null,
          1,
          14,
          14,
          null,
          14,
          140,
          null,
          null,
          14,
          null,
          null
        ]
      },
      "/home/rubylessons/lessons/first_api/config/environments/test.rb": {
        "lines": [
          1,
          null,
          null,
          null,
          null,
          null,
          null,
          1,
          null,
          null,
          1,
          1,
          null,
          null,
          null,
          null,
          1,
          null,
          null,
          1,
          1,
          null,
          null,
          null,
          null,
          1,
          1,
          1,
          null,
          null,
          1,
          null,
          null,
          1,
          null,
          null,
          1,
          null,
          1,
          null,
          null,
          null,
          null,
          1,
          null,
          null,
          1,
          null,
          null,
          1,
          null,
          null,
          1,
          null,
          null,
          null,
          null,
          null,
          null,
          null
        ]
      },
      "/home/rubylessons/lessons/first_api/config/initializers/application_controller_renderer.rb": {
        "lines": [
          null,
          null,
          null,
          null,
          null,
          null,
          null,
          null
        ]
      },
      "/home/rubylessons/lessons/first_api/config/initializers/assets.rb": {
        "lines": [
          null,
          null,
          null,
          1,
          null,
          null,
          null,
          null,
          1,
          null,
          null,
          null,
          null,
          null
        ]
      },
      "/home/rubylessons/lessons/first_api/config/initializers/backtrace_silencers.rb": {
        "lines": [
          null,
          null,
          null,
          null,
          null,
          null,
          null,
          1
        ]
      },
      "/home/rubylessons/lessons/first_api/config/initializers/content_security_policy.rb": {
        "lines": [
          null,
          null,
          null,
          null,
          null,
          null,
          null,
          null,
          null,
          null,
          null,
          null,
          null,
          null,
          null,
          null,
          null,
          null,
          null,
          null,
          null,
          null,
          null,
          null,
          null,
          null,
          null,
          null,
          null,
          null
        ]
      },
      "/home/rubylessons/lessons/first_api/config/initializers/cookies_serializer.rb": {
        "lines": [
          null,
          null,
          null,
          null,
          1
        ]
      },
      "/home/rubylessons/lessons/first_api/config/initializers/filter_parameter_logging.rb": {
        "lines": [
          null,
          null,
          null,
          1,
          null,
          null
        ]
      },
      "/home/rubylessons/lessons/first_api/config/initializers/inflections.rb": {
        "lines": [
          null,
          null,
          null,
          null,
          null,
          null,
          null,
          null,
          null,
          null,
          null,
          null,
          null,
          null,
          null,
          null
        ]
      },
      "/home/rubylessons/lessons/first_api/config/initializers/mime_types.rb": {
        "lines": [
          null,
          null,
          null,
          null
        ]
      },
      "/home/rubylessons/lessons/first_api/config/initializers/permissions_policy.rb": {
        "lines": [
          null,
          null,
          null,
          null,
          null,
          null,
          null,
          null,
          null,
          null,
          null
        ]
      },
      "/home/rubylessons/lessons/first_api/config/initializers/wrap_parameters.rb": {
        "lines": [
          null,
          null,
          null,
          null,
          null,
          null,
          1,
          2,
          null,
          null,
          null,
          null,
          null,
          null
        ]
      },
      "/home/rubylessons/lessons/first_api/config/routes.rb": {
        "lines": [
          1,
          1,
          1,
          null,
          null,
          1,
          null
        ]
      },
      "/home/rubylessons/lessons/first_api/app/helpers/application_helper.rb": {
        "lines": [
          1,
          null
        ]
      },
      "/home/rubylessons/lessons/first_api/app/helpers/items_helper.rb": {
        "lines": [
          1,
          null
        ]
      },
      "/home/rubylessons/lessons/first_api/app/helpers/sessions_helper.rb": {
        "lines": [
          1,
          null
        ]
      },
      "/home/rubylessons/lessons/first_api/app/helpers/users_helper.rb": {
        "lines": [
          1,
          null
        ]
      },
      "/home/rubylessons/lessons/first_api/spec/support/requests_helper.rb": {
        "lines": [
          1,
          null,
          1,
          1,
          null,
          1,
          19,
          null,
          null,
          1,
          5,
          null,
          null,
          null,
          1,
          1,
          null
        ]
      },
      "/home/rubylessons/lessons/first_api/spec/factories/items.rb": {
        "lines": [
          1,
          1,
          1,
          24,
          null,
          null
        ]
      },
      "/home/rubylessons/lessons/first_api/spec/factories/tokens.rb": {
        "lines": [
          1,
          1,
          1,
          1,
          1,
          null,
          null
        ]
      },
      "/home/rubylessons/lessons/first_api/spec/factories/users.rb": {
        "lines": [
          1,
          1,
          60,
          53,
          60,
          null,
          null
        ]
      },
      "/home/rubylessons/lessons/first_api/spec/interactors/tokens_creator_spec.rb": {
        "lines": [
          1,
          null,
          1,
          2,
          2,
          null,
          1,
          1,
          1,
          null,
          1,
          null,
          null
        ]
      },
      "/home/rubylessons/lessons/first_api/spec/models/item_spec.rb": {
        "lines": [
          1,
          null,
          1,
          3,
          3,
          3,
          null,
          1,
          1,
          null,
          null,
          1,
          1,
          null,
          null
        ]
      },
      "/home/rubylessons/lessons/first_api/app/models/item.rb": {
        "lines": [
          1,
          1,
          null,
          1,
          null
        ]
      },
      "/home/rubylessons/lessons/first_api/app/models/application_record.rb": {
        "lines": [
          1,
          1,
          null
        ]
      },
      "/home/rubylessons/lessons/first_api/spec/models/user_spec.rb": {
        "lines": [
          1,
          null,
          1,
          2,
          null,
          1,
          1,
          null,
          1,
          null,
          null,
          1,
          3,
          null,
          1,
          1,
          null,
          null,
          1,
          1,
          null,
          1,
          null,
          null,
          null,
          null,
          null,
          null,
          null,
          1,
          2,
          2,
          null,
          1,
          1,
          null,
          null,
          null
        ]
      },
      "/home/rubylessons/lessons/first_api/app/models/user.rb": {
        "lines": [
          1,
          1,
          null,
          1,
          1,
          1,
          null,
          1,
          1,
          null,
          1,
          4,
          null,
          null
        ]
      },
      "/home/rubylessons/lessons/first_api/spec/requests/items_spec.rb": {
        "lines": [
          1,
          null,
          1,
          18,
          18,
          null,
          1,
          5,
          null,
          1,
          3,
          null,
          1,
          1,
          null,
          null,
          1,
          1,
          null,
          null,
          null,
          1,
          3,
          null,
          1,
          1,
          null,
          null,
          1,
          1,
          null,
          null,
          null,
          null,
          1,
          3,
          null,
          3,
          null,
          1,
          1,
          null,
          null,
          1,
          1,
          null,
          null,
          null,
          1,
          5,
          5,
          null,
          1,
          1,
          2,
          null,
          null,
          1,
          1,
          null,
          null,
          1,
          1,
          null,
          null,
          null,
          1,
          1,
          2,
          null,
          null,
          1,
          1,
          null,
          null,
          1,
          1,
          null,
          null,
          null,
          null,
          1,
          5,
          5,
          null,
          1,
          4,
          null,
          null,
          1,
          3,
          null,
          1,
          1,
          null,
          null,
          1,
          1,
          null,
          null,
          null,
          1,
          3,
          null,
          1,
          1,
          null,
          null,
          1,
          1,
          null,
          null,
          null,
          null,
          1,
          4,
          null,
          1,
          3,
          null,
          null,
          1,
          2,
          null,
          1,
          1,
          null,
          null,
          null,
          1,
          3,
          null,
          1,
          1,
          null,
          null,
          1,
          1,
          null,
          null,
          null,
          null
        ]
      },
      "/home/rubylessons/lessons/first_api/app/controllers/items_controller.rb": {
        "lines": [
          1,
          1,
          null,
          1,
          null,
          1,
          null,
          4,
          null,
          2,
          null,
          null,
          1,
          null,
          2,
          null,
          2,
          null,
          null,
          1,
          2,
          null,
          2,
          2,
          null,
          0,
          null,
          null,
          null,
          1,
          4,
          4,
          null,
          2,
          2,
          null,
          0,
          null,
          null,
          null,
          1,
          null,
          3,
          3,
          null,
          1,
          null,
          1,
          null,
          null,
          1,
          null,
          1,
          4,
          null,
          null
        ]
      },
      "/home/rubylessons/lessons/first_api/app/controllers/application_controller.rb": {
        "lines": [
          1,
          1,
          null,
          1,
          1,
          null,
          1,
          null,
          1,
          null,
          1,
          2,
          null,
          null,
          1,
          0,
          null,
          null,
          1,
          6,
          null,
          null
        ]
      },
      "/home/rubylessons/lessons/first_api/app/controllers/concerns/access_handler.rb": {
        "lines": [
          1,
          1,
          null,
          1,
          11,
          null,
          null,
          1,
          null,
          1,
          11,
          9,
          null,
          9,
          null,
          null,
          1,
          9,
          9,
          null,
          9,
          null,
          9,
          null,
          null,
          1,
          9,
          null,
          9,
          9,
          null,
          0,
          null,
          null,
          null,
          1,
          9,
          9,
          null,
          0,
          null,
          null
        ]
      },
      "/home/rubylessons/lessons/first_api/app/controllers/concerns/items_policy.rb": {
        "lines": [
          1,
          1,
          null,
          1,
          7,
          null,
          4,
          null,
          null
        ]
      },
      "/home/rubylessons/lessons/first_api/spec/requests/sessions_spec.rb": {
        "lines": [
          1,
          null,
          1,
          1,
          5,
          null,
          1,
          4,
          null,
          null,
          1,
          3,
          null,
          1,
          1,
          null,
          null,
          1,
          1,
          1,
          null,
          null,
          null,
          1,
          3,
          null,
          1,
          1,
          null,
          null,
          1,
          1,
          null,
          null,
          null,
          null
        ]
      },
      "/home/rubylessons/lessons/first_api/app/controllers/sessions_controller.rb": {
        "lines": [
          1,
          1,
          4,
          null,
          4,
          2,
          null,
          2,
          null,
          null,
          null,
          1,
          null,
          1,
          8,
          null,
          null
        ]
      },
      "/home/rubylessons/lessons/first_api/spec/requests/users_spec.rb": {
        "lines": [
          1,
          null,
          1,
          1,
          3,
          null,
          3,
          null,
          1,
          1,
          null,
          null,
          1,
          1,
          null,
          null,
          null,
          1,
          1,
          5,
          null,
          null,
          1,
          4,
          null,
          1,
          1,
          null,
          null,
          1,
          1,
          null,
          null,
          1,
          1,
          null,
          null,
          null,
          1,
          3,
          null,
          1,
          1,
          null,
          null,
          1,
          1,
          null,
          null,
          null,
          null,
          1,
          3,
          null,
          1,
          4,
          null,
          null,
          1,
          3,
          null,
          1,
          1,
          null,
          null,
          1,
          1,
          null,
          null,
          null,
          1,
          3,
          null,
          1,
          1,
          null,
          null,
          1,
          1,
          null,
          null,
          null,
          null,
          1,
          6,
          null,
          1,
          5,
          null,
          null,
          1,
          4,
          null,
          1,
          1,
          null,
          null,
          1,
          1,
          null,
          null,
          1,
          1,
          null,
          null,
          null,
          1,
          3,
          null,
          1,
          1,
          null,
          null,
          1,
          1,
          null,
          null,
          null,
          null,
          1,
          2,
          null,
          1,
          1,
          null,
          null,
          1,
          1,
          1,
          null,
          null,
          null,
          null
        ]
      },
      "/home/rubylessons/lessons/first_api/app/controllers/users_controller.rb": {
        "lines": [
          1,
          1,
          null,
          1,
          null,
          2,
          null,
          2,
          null,
          null,
          1,
          null,
          5,
          5,
          null,
          5,
          3,
          null,
          2,
          null,
          null,
          null,
          1,
          null,
          4,
          2,
          null,
          2,
          null,
          null,
          null,
          1,
          null,
          null,
          5,
          3,
          null,
          3,
          null,
          2,
          null,
          null,
          null,
          1,
          null,
          1,
          1,
          null,
          null,
          null,
          1,
          null,
          1,
          21,
          null,
          null,
          1,
          10,
          null,
          null
        ]
      },
      "/home/rubylessons/lessons/first_api/app/models/token.rb": {
        "lines": [
          1,
          1,
          null
        ]
      }
    },
    "timestamp": 1629899342
  }
}
